<?xml version="1.0" encoding="UTF-8"?>
<!-- Generated by org.testng.reporters.JUnitReportReporter -->
<testsuite hostname="BrkingBad" failures="0" tests="2" name="testCases.ReadAllAccounts" time="4.285" errors="0" timestamp="2024-01-02T02:03:17 CST" skipped="0">
  <testcase classname="testCases.ReadAllAccounts" name="tokengenerator" time="3.091"/>
  <testcase classname="testCases.ReadAllAccounts" name="readAllAccount" time="1.194"/>
</testsuite> <!-- testCases.ReadAllAccounts -->
