<?xml version="1.0" encoding="UTF-8"?>
<!-- Generated by org.testng.reporters.JUnitReportReporter -->
<testsuite hostname="BrkingBad" failures="0" tests="2" name="testCases.AuthenticationApi" time="4.028" errors="0" timestamp="2024-01-01T23:02:10 CST" skipped="0">
  <testcase classname="testCases.AuthenticationApi" name="tokengenerator" time="2.977"/>
  <testcase classname="testCases.AuthenticationApi" name="readAllAccount" time="1.051"/>
</testsuite> <!-- testCases.AuthenticationApi -->
