<?xml version="1.0" encoding="UTF-8"?>
<!-- Generated by org.testng.reporters.JUnitReportReporter -->
<testsuite hostname="BrkingBad" failures="0" tests="3" name="testCases.CreateOneAccount" time="3.203" errors="0" timestamp="2024-01-02T01:05:46 CST" skipped="0">
  <testcase classname="testCases.CreateOneAccount" name="createOneAccount" time="0.902"/>
  <testcase classname="testCases.CreateOneAccount" name="getLastAccountId" time="1.126"/>
  <testcase classname="testCases.CreateOneAccount" name="readLastAccount" time="1.175"/>
</testsuite> <!-- testCases.CreateOneAccount -->
