<?xml version="1.0" encoding="UTF-8"?>
<!-- Generated by org.testng.reporters.JUnitReportReporter -->
<testsuite hostname="BrkingBad" failures="0" tests="2" name="testCases.DeleteOneAccount" time="4.164" errors="0" timestamp="2024-01-02T02:03:55 CST" skipped="0">
  <testcase classname="testCases.DeleteOneAccount" name="tokengenerator" time="3.029"/>
  <testcase classname="testCases.DeleteOneAccount" name="readOneAccount" time="1.135"/>
</testsuite> <!-- testCases.DeleteOneAccount -->
