<?xml version="1.0" encoding="UTF-8"?>
<!-- Generated by org.testng.reporters.JUnitReportReporter -->
<testsuite hostname="BrkingBad" failures="0" tests="2" name="testCases.ReadOneAccount" time="4.087" errors="0" timestamp="2024-01-02T01:50:38 CST" skipped="0">
  <testcase classname="testCases.ReadOneAccount" name="tokengenerator" time="2.965"/>
  <testcase classname="testCases.ReadOneAccount" name="readOneAccount" time="1.122"/>
</testsuite> <!-- testCases.ReadOneAccount -->
