<?xml version="1.0" encoding="UTF-8"?>
<!-- Generated by org.testng.reporters.JUnitReportReporter -->
<testsuite hostname="BrkingBad" failures="0" tests="2" name="testCases.updateAccount" time="2.363" errors="0" timestamp="2024-01-02T01:55:20 CST" skipped="0">
  <testcase classname="testCases.updateAccount" name="updateOneAccount" time="1.246"/>
  <testcase classname="testCases.updateAccount" name="readLastAccount" time="1.117"/>
</testsuite> <!-- testCases.updateAccount -->
